<html>
<head>
<title>TestNG:  Test</title>
<link href="../testng.css" rel="stylesheet" type="text/css" />
<link href="../my-testng.css" rel="stylesheet" type="text/css" />

<style type="text/css">
.log { display: none;} 
.stack-trace { display: none;} 
</style>
<script type="text/javascript">
<!--
function flip(e) {
  current = e.style.display;
  if (current == 'block') {
    e.style.display = 'none';
    return 0;
  }
  else {
    e.style.display = 'block';
    return 1;
  }
}

function toggleBox(szDivId, elem, msg1, msg2)
{
  var res = -1;  if (document.getElementById) {
    res = flip(document.getElementById(szDivId));
  }
  else if (document.all) {
    // this is the way old msie versions work
    res = flip(document.all[szDivId]);
  }
  if(elem) {
    if(res == 0) elem.innerHTML = msg1; else elem.innerHTML = msg2;
  }

}

function toggleAllBoxes() {
  if (document.getElementsByTagName) {
    d = document.getElementsByTagName('div');
    for (i = 0; i < d.length; i++) {
      if (d[i].className == 'log') {
        flip(d[i]);
      }
    }
  }
}

// -->
</script>

</head>
<body>
<h2 align='center'>Test</h2><table border='1' align="center">
<tr>
<td>Tests passed/Failed/Skipped:</td><td>11/1/1</td>
</tr><tr>
<td>Started on:</td><td>Sat Nov 08 11:01:01 IST 2025</td>
</tr>
<tr><td>Total time:</td><td>19 seconds (19547 ms)</td>
</tr><tr>
<td>Included groups:</td><td></td>
</tr><tr>
<td>Excluded groups:</td><td></td>
</tr>
</table><p/>
<small><i>(Hover the method name to see the test class name)</i></small><p/>
<table width='100%' border='1' class='invocation-failed'>
<tr><td colspan='4' align='center'><b>FAILED TESTS</b></td></tr>
<tr><td><b>Test method</b></td>
<td><b>Attribute(s)</b></td>
<td width="30%"><b>Exception</b></td>
<td width="10%"><b>Time (seconds)</b></td>
<td><b>Instance</b></td>
</tr>
<tr>
<td title='assertionStudy.KeyWords.b()'><b>b</b><br>Test class: assertionStudy.KeyWords</td>
<td><div><pre>java.lang.AssertionError: null
	at assertionStudy.KeyWords.b(KeyWords.java:55)
	at java.base/java.util.ArrayList.forEach(ArrayList.java:1596)
... Removed 27 stack frames</pre></div><a href='#' onClick='toggleBox("stack-trace1632413663", this, "Click to show all stack frames", "Click to hide stack frames")'>Click to show all stack frames</a>
<div class='stack-trace' id='stack-trace1632413663'><pre>java.lang.AssertionError: null
	at org.testng.Assert.fail(Assert.java:111)
	at org.testng.Assert.fail(Assert.java:116)
	at assertionStudy.KeyWords.b(KeyWords.java:55)
	at java.base/jdk.internal.reflect.DirectMethodHandleAccessor.invoke(DirectMethodHandleAccessor.java:103)
	at java.base/java.lang.reflect.Method.invoke(Method.java:580)
	at org.testng.internal.invokers.MethodInvocationHelper.invokeMethod(MethodInvocationHelper.java:141)
	at org.testng.internal.invokers.TestInvoker.invokeMethod(TestInvoker.java:687)
	at org.testng.internal.invokers.TestInvoker.invokeTestMethod(TestInvoker.java:230)
	at org.testng.internal.invokers.MethodRunner.runInSequence(MethodRunner.java:63)
	at org.testng.internal.invokers.TestInvoker$MethodInvocationAgent.invoke(TestInvoker.java:995)
	at org.testng.internal.invokers.TestInvoker.invokeTestMethods(TestInvoker.java:203)
	at org.testng.internal.invokers.TestMethodWorker.invokeTestMethods(TestMethodWorker.java:154)
	at org.testng.internal.invokers.TestMethodWorker.run(TestMethodWorker.java:134)
	at java.base/java.util.ArrayList.forEach(ArrayList.java:1596)
	at org.testng.TestRunner.privateRun(TestRunner.java:741)
	at org.testng.TestRunner.run(TestRunner.java:616)
	at org.testng.SuiteRunner.runTest(SuiteRunner.java:421)
	at org.testng.SuiteRunner.runSequentially(SuiteRunner.java:413)
	at org.testng.SuiteRunner.privateRun(SuiteRunner.java:373)
	at org.testng.SuiteRunner.run(SuiteRunner.java:312)
	at org.testng.SuiteRunnerWorker.runSuite(SuiteRunnerWorker.java:52)
	at org.testng.SuiteRunnerWorker.run(SuiteRunnerWorker.java:95)
	at org.testng.TestNG.runSuitesSequentially(TestNG.java:1274)
	at org.testng.TestNG.runSuitesLocally(TestNG.java:1208)
	at org.testng.TestNG.runSuites(TestNG.java:1112)
	at org.testng.TestNG.run(TestNG.java:1079)
	at org.testng.remote.AbstractRemoteTestNG.run(AbstractRemoteTestNG.java:115)
	at org.testng.remote.RemoteTestNG.initAndRun(RemoteTestNG.java:293)
	at org.testng.remote.RemoteTestNG.main(RemoteTestNG.java:91)
</pre></div></td>
<td>0</td>
<td>assertionStudy.KeyWords@247bddad</td></tr>
</table><p>
<table width='100%' border='1' class='invocation-passed'>
<tr><td colspan='4' align='center'><b>PASSED TESTS</b></td></tr>
<tr><td><b>Test method</b></td>
<td><b>Attribute(s)</b></td>
<td width="30%"><b>Exception</b></td>
<td width="10%"><b>Time (seconds)</b></td>
<td><b>Instance</b></td>
</tr>
<tr>
<td title='assertionStudy.KeyWords.singIn()'><b>singIn</b><br>Test class: assertionStudy.KeyWords<br/>
<a href="#Output-997055773" onClick='toggleBox("Output-997055773", this, "Show output", "Hide output");'>Show output</a>

<a href="#Output-997055773" onClick="toggleAllBoxes();">Show all outputs</a>
<div class='log' id="Output-997055773">
c test<br/>
</div>
</td>
<td></td>
<td>0</td>
<td>assertionStudy.KeyWords@247bddad</td></tr>
<tr>
<td title='assertionStudy.KeyWords.c()'><b>c</b><br>Test class: assertionStudy.KeyWords<br/>
<a href="#Output-1412794598" onClick='toggleBox("Output-1412794598", this, "Show output", "Hide output");'>Show output</a>

<a href="#Output-1412794598" onClick="toggleAllBoxes();">Show all outputs</a>
<div class='log' id="Output-1412794598">
c test<br/>
</div>
</td>
<td></td>
<td>0</td>
<td>assertionStudy.KeyWords@247bddad</td></tr>
<tr>
<td title='assertionStudy.KeyWords.login1()'><b>login1</b><br>Test class: assertionStudy.KeyWords<br/>
<a href="#Output-1533547487" onClick='toggleBox("Output-1533547487", this, "Show output", "Hide output");'>Show output</a>

<a href="#Output-1533547487" onClick="toggleAllBoxes();">Show all outputs</a>
<div class='log' id="Output-1533547487">
login test<br/>
</div>
</td>
<td></td>
<td>1</td>
<td>assertionStudy.KeyWords@247bddad</td></tr>
<tr>
<td title='assertionStudy.KeyWords.f()'><b>f</b><br>Test class: assertionStudy.KeyWords</td>
<td></td>
<td>3</td>
<td>assertionStudy.KeyWords@247bddad</td></tr>
<tr>
<td title='assertionStudy.KeyWords.f()'><b>f</b><br>Test class: assertionStudy.KeyWords</td>
<td></td>
<td>2</td>
<td>assertionStudy.KeyWords@247bddad</td></tr>
<tr>
<td title='assertionStudy.KeyWords.logout()'><b>logout</b><br>Test class: assertionStudy.KeyWords<br/>
<a href="#Output-99770475" onClick='toggleBox("Output-99770475", this, "Show output", "Hide output");'>Show output</a>

<a href="#Output-99770475" onClick="toggleAllBoxes();">Show all outputs</a>
<div class='log' id="Output-99770475">
logout test<br/>
</div>
</td>
<td></td>
<td>0</td>
<td>assertionStudy.KeyWords@247bddad</td></tr>
<tr>
<td title='assertionStudy.KeyWords.login()'><b>login</b><br>Test class: assertionStudy.KeyWords<br/>
<a href="#Output-1652807864" onClick='toggleBox("Output-1652807864", this, "Show output", "Hide output");'>Show output</a>

<a href="#Output-1652807864" onClick="toggleAllBoxes();">Show all outputs</a>
<div class='log' id="Output-1652807864">
b test<br/>
</div>
</td>
<td></td>
<td>0</td>
<td>assertionStudy.KeyWords@247bddad</td></tr>
<tr>
<td title='assertionStudy.KeyWords.payment()'><b>payment</b><br>Test class: assertionStudy.KeyWords<br/>
<a href="#Output-727250772" onClick='toggleBox("Output-727250772", this, "Show output", "Hide output");'>Show output</a>

<a href="#Output-727250772" onClick="toggleAllBoxes();">Show all outputs</a>
<div class='log' id="Output-727250772">
a test<br/>
</div>
</td>
<td></td>
<td>0</td>
<td>assertionStudy.KeyWords@247bddad</td></tr>
<tr>
<td title='assertionStudy.KeyWords.f()'><b>f</b><br>Test class: assertionStudy.KeyWords</td>
<td></td>
<td>11</td>
<td>assertionStudy.KeyWords@247bddad</td></tr>
<tr>
<td title='assertionStudy.TestNGAnnotations.resultValidationNew()'><b>resultValidationNew</b><br>Test class: assertionStudy.TestNGAnnotations<br/>
<a href="#Output-379478400" onClick='toggleBox("Output-379478400", this, "Show output", "Hide output");'>Show output</a>

<a href="#Output-379478400" onClick="toggleAllBoxes();">Show all outputs</a>
<div class='log' id="Output-379478400">
z_running test validation new<br/>
</div>
</td>
<td></td>
<td>0</td>
<td>assertionStudy.TestNGAnnotations@7817fd62</td></tr>
<tr>
<td title='assertionStudy.TestNGAnnotations.resultValidation()'><b>resultValidation</b><br>Test class: assertionStudy.TestNGAnnotations<br/>
<a href="#Output-1944201789" onClick='toggleBox("Output-1944201789", this, "Show output", "Hide output");'>Show output</a>

<a href="#Output-1944201789" onClick="toggleAllBoxes();">Show all outputs</a>
<div class='log' id="Output-1944201789">
a_running test validation<br/>
</div>
</td>
<td></td>
<td>0</td>
<td>assertionStudy.TestNGAnnotations@7817fd62</td></tr>
</table><p>
<table width='100%' border='1' class='invocation-skipped'>
<tr><td colspan='4' align='center'><b>SKIPPED TESTS</b></td></tr>
<tr><td><b>Test method</b></td>
<td><b>Attribute(s)</b></td>
<td width="30%"><b>Exception</b></td>
<td width="10%"><b>Time (seconds)</b></td>
<td><b>Instance</b></td>
</tr>
<tr>
<td title='assertionStudy.KeyWords.a()'><b>a</b><br>Test class: assertionStudy.KeyWords</td>
<td><div><pre>java.lang.Throwable: Method assertionStudy.KeyWords.a() on instance assertionStudy.KeyWords@247bddad depends on not successfully finished methods 
[assertionStudy.KeyWords.b() on instance assertionStudy.KeyWords@247bddad]
	at java.base/java.util.ArrayList.forEach(ArrayList.java:1596)
... Removed 18 stack frames</pre></div><a href='#' onClick='toggleBox("stack-trace1483298597", this, "Click to show all stack frames", "Click to hide stack frames")'>Click to show all stack frames</a>
<div class='stack-trace' id='stack-trace1483298597'><pre>java.lang.Throwable: Method assertionStudy.KeyWords.a() on instance assertionStudy.KeyWords@247bddad depends on not successfully finished methods 
[assertionStudy.KeyWords.b() on instance assertionStudy.KeyWords@247bddad]
	at org.testng.internal.invokers.TestInvoker.invokeTestMethods(TestInvoker.java:159)
	at org.testng.internal.invokers.TestMethodWorker.invokeTestMethods(TestMethodWorker.java:154)
	at org.testng.internal.invokers.TestMethodWorker.run(TestMethodWorker.java:134)
	at java.base/java.util.ArrayList.forEach(ArrayList.java:1596)
	at org.testng.TestRunner.privateRun(TestRunner.java:741)
	at org.testng.TestRunner.run(TestRunner.java:616)
	at org.testng.SuiteRunner.runTest(SuiteRunner.java:421)
	at org.testng.SuiteRunner.runSequentially(SuiteRunner.java:413)
	at org.testng.SuiteRunner.privateRun(SuiteRunner.java:373)
	at org.testng.SuiteRunner.run(SuiteRunner.java:312)
	at org.testng.SuiteRunnerWorker.runSuite(SuiteRunnerWorker.java:52)
	at org.testng.SuiteRunnerWorker.run(SuiteRunnerWorker.java:95)
	at org.testng.TestNG.runSuitesSequentially(TestNG.java:1274)
	at org.testng.TestNG.runSuitesLocally(TestNG.java:1208)
	at org.testng.TestNG.runSuites(TestNG.java:1112)
	at org.testng.TestNG.run(TestNG.java:1079)
	at org.testng.remote.AbstractRemoteTestNG.run(AbstractRemoteTestNG.java:115)
	at org.testng.remote.RemoteTestNG.initAndRun(RemoteTestNG.java:293)
	at org.testng.remote.RemoteTestNG.main(RemoteTestNG.java:91)
</pre></div></td>
<td>0</td>
<td>assertionStudy.KeyWords@247bddad</td></tr>
</table><p>
</body>
</html>