<?xml version="1.0" encoding="UTF-8"?>
<!-- Generated by org.testng.reporters.JUnitXMLReporter -->
<testsuite ignored="0" hostname="DESKTOP-0POJ1DN" failures="1" tests="13" name="Test" time="19.547" errors="0" timestamp="2025-11-08T11:01:21 IST">
  <testcase classname="assertionStudy.TestNGAnnotations" name="resultValidation" time="0.019"/>
  <testcase classname="assertionStudy.TestNGAnnotations" name="resultValidationNew" time="0.004"/>
  <testcase classname="assertionStudy.KeyWords" name="login" time="0.007"/>
  <testcase classname="assertionStudy.KeyWords" name="singIn" time="0.012"/>
  <testcase classname="assertionStudy.KeyWords" name="b" time="0.012">
    <failure type="java.lang.AssertionError" message="null">
      <![CDATA[java.lang.AssertionError: null
at assertionStudy.KeyWords.b(KeyWords.java:55)
at java.base/java.util.ArrayList.forEach(ArrayList.java:1596)
... Removed 27 stack frames]]>
    </failure>
  </testcase> <!-- b -->
  <testcase classname="assertionStudy.KeyWords" name="a" time="0.001">
    <skipped/>
  </testcase> <!-- a -->
  <testcase classname="assertionStudy.KeyWords" name="c" time="0.006"/>
  <testcase classname="assertionStudy.KeyWords" name="f" time="11.565"/>
  <testcase classname="assertionStudy.KeyWords" name="f" time="3.885"/>
  <testcase classname="assertionStudy.KeyWords" name="f" time="2.68"/>
  <testcase classname="assertionStudy.KeyWords" name="login1" time="1.064"/>
  <testcase classname="assertionStudy.KeyWords" name="logout" time="0.011"/>
  <testcase classname="assertionStudy.KeyWords" name="payment" time="0.009"/>
</testsuite> <!-- Test -->
