<?xml version="1.0" encoding="UTF-8"?>
<testng-results ignored="0" total="1" passed="1" failed="0" skipped="0">
  <reporter-output>
    <line>
      <![CDATA[Setting browser as chrome]]>
    </line>
    <line>
      <![CDATA[Closing Browser]]>
    </line>
  </reporter-output>
  <suite started-at="2025-11-08T17:33:41 IST" name="Suite" finished-at="2025-11-08T17:34:16 IST" duration-ms="34819">
    <groups>
      <group name="cucumber">
        <method signature="AbstractTestNGCucumberTests.runScenario(io.cucumber.testng.PickleWrapper,io.cucumber.testng.FeatureWrapper)[pri:0, instance:runner.HealthInsurenceRunner@a1153bc]" name="runScenario" class="io.cucumber.testng.AbstractTestNGCucumberTests"/>
      </group> <!-- cucumber -->
    </groups>
    <test started-at="2025-11-08T17:33:41 IST" name="Test" finished-at="2025-11-08T17:34:16 IST" duration-ms="34819">
      <class name="runner.HealthInsurenceRunner">
        <test-method is-config="true" signature="setUpClass(org.testng.ITestContext)[pri:0, instance:runner.HealthInsurenceRunner@a1153bc]" started-at="2025-11-08T17:33:41 IST" name="setUpClass" finished-at="2025-11-08T17:33:42 IST" duration-ms="1029" status="PASS">
          <params>
            <param index="0">
              <value>
                <![CDATA[org.testng.TestRunner@4e49ce2b]]>
              </value>
            </param>
          </params>
          <reporter-output>
          </reporter-output>
        </test-method> <!-- setUpClass -->
        <test-method signature="runScenario(io.cucumber.testng.PickleWrapper,io.cucumber.testng.FeatureWrapper)[pri:0, instance:runner.HealthInsurenceRunner@a1153bc]" started-at="2025-11-08T17:33:42 IST" name="runScenario" description="Runs Cucumber Scenarios" data-provider="scenarios" finished-at="2025-11-08T17:34:13 IST" duration-ms="30960" status="PASS">
          <params>
            <param index="0">
              <value>
                <![CDATA["TC01:Validate CoverFox Health Insurence plan for single person"]]>
              </value>
            </param>
            <param index="1">
              <value>
                <![CDATA["CoverFox Health Insurence test"]]>
              </value>
            </param>
          </params>
          <reporter-output>
            <line>
              <![CDATA[Setting browser as chrome]]>
            </line>
            <line>
              <![CDATA[Closing Browser]]>
            </line>
          </reporter-output>
        </test-method> <!-- runScenario -->
        <test-method is-config="true" signature="tearDownClass()[pri:0, instance:runner.HealthInsurenceRunner@a1153bc]" started-at="2025-11-08T17:34:13 IST" name="tearDownClass" finished-at="2025-11-08T17:34:16 IST" duration-ms="2736" status="PASS">
          <reporter-output>
          </reporter-output>
        </test-method> <!-- tearDownClass -->
      </class> <!-- runner.HealthInsurenceRunner -->
    </test> <!-- Test -->
  </suite> <!-- Suite -->
</testng-results>
