<?xml version="1.0" encoding="UTF-8"?>
<testng-results ignored="0" total="1" passed="1" failed="0" skipped="0">
  <reporter-output>
    <line>
      <![CDATA[Setting browser as chrome]]>
    </line>
    <line>
      <![CDATA[Actual result is 48]]>
    </line>
    <line>
      <![CDATA[Closing Browser]]>
    </line>
  </reporter-output>
  <suite started-at="2025-11-08T12:02:51 IST" name="Default suite" finished-at="2025-11-08T12:03:25 IST" duration-ms="34733">
    <groups>
      <group name="cucumber">
        <method signature="AbstractTestNGCucumberTests.runScenario(io.cucumber.testng.PickleWrapper,io.cucumber.testng.FeatureWrapper)[pri:0, instance:runner.HealthInsurenceRunner@23348b5d]" name="runScenario" class="io.cucumber.testng.AbstractTestNGCucumberTests"/>
      </group> <!-- cucumber -->
    </groups>
    <test started-at="2025-11-08T12:02:51 IST" name="Default test" finished-at="2025-11-08T12:03:25 IST" duration-ms="34733">
      <class name="runner.HealthInsurenceRunner">
        <test-method is-config="true" signature="setUpClass(org.testng.ITestContext)[pri:0, instance:runner.HealthInsurenceRunner@23348b5d]" started-at="2025-11-08T12:02:51 IST" name="setUpClass" finished-at="2025-11-08T12:02:52 IST" duration-ms="1100" status="PASS">
          <params>
            <param index="0">
              <value>
                <![CDATA[org.testng.TestRunner@6fc6deb7]]>
              </value>
            </param>
          </params>
          <reporter-output>
          </reporter-output>
        </test-method> <!-- setUpClass -->
        <test-method signature="runScenario(io.cucumber.testng.PickleWrapper,io.cucumber.testng.FeatureWrapper)[pri:0, instance:runner.HealthInsurenceRunner@23348b5d]" started-at="2025-11-08T12:02:52 IST" name="runScenario" description="Runs Cucumber Scenarios" data-provider="scenarios" finished-at="2025-11-08T12:03:22 IST" duration-ms="30441" status="PASS">
          <params>
            <param index="0">
              <value>
                <![CDATA["TC01:Validate CoverFox Health Insurence plan for single person"]]>
              </value>
            </param>
            <param index="1">
              <value>
                <![CDATA["CoverFox Health Insurence test"]]>
              </value>
            </param>
          </params>
          <reporter-output>
            <line>
              <![CDATA[Setting browser as chrome]]>
            </line>
            <line>
              <![CDATA[Actual result is 48]]>
            </line>
            <line>
              <![CDATA[Closing Browser]]>
            </line>
          </reporter-output>
        </test-method> <!-- runScenario -->
        <test-method is-config="true" signature="tearDownClass()[pri:0, instance:runner.HealthInsurenceRunner@23348b5d]" started-at="2025-11-08T12:03:22 IST" name="tearDownClass" finished-at="2025-11-08T12:03:25 IST" duration-ms="3099" status="PASS">
          <reporter-output>
          </reporter-output>
        </test-method> <!-- tearDownClass -->
      </class> <!-- runner.HealthInsurenceRunner -->
    </test> <!-- Default test -->
  </suite> <!-- Default suite -->
</testng-results>
