<?xml version="1.0" encoding="UTF-8"?>
<!-- Generated by org.testng.reporters.JUnitReportReporter -->
<testsuite hostname="DESKTOP-0POJ1DN" failures="0" tests="2" name="assertionStudy.TestNGAnnotations" time="0.031" errors="0" timestamp="2025-11-08T11:01:22 IST" skipped="0">
  <testcase classname="assertionStudy.TestNGAnnotations" name="resultValidationNew" time="0.008">
    <system-out>
      <![CDATA[z_running test validation new]]>
    </system-out>
  </testcase> <!-- resultValidationNew -->
  <testcase classname="assertionStudy.TestNGAnnotations" name="resultValidation" time="0.023">
    <system-out>
      <![CDATA[a_running test validation]]>
    </system-out>
  </testcase> <!-- resultValidation -->
  <system-out>
    <![CDATA[before suite running
before test running
Providing pincode and mobile number
a_running test validation
clearing browsing history
Providing pincode and mobile number
z_running test validation new
clearing browsing history
closing browser
b test
c test
c test
login test
logout test
a test
after methods running
after suite running]]>
  </system-out>
</testsuite> <!-- assertionStudy.TestNGAnnotations -->
