<?xml version="1.0" encoding="UTF-8"?>
<!-- Generated by org.testng.reporters.JUnitReportReporter -->
<testsuite hostname="DESKTOP-0POJ1DN" failures="0" tests="1" name="assertionStudy.Demo" time="0.030" errors="0" timestamp="2025-11-01T00:51:25 IST" skipped="0">
  <testcase classname="assertionStudy.Demo" name="f" time="0.030">
    <system-out>
      <![CDATA[TC passed]]>
    </system-out>
  </testcase> <!-- f -->
  <system-out>
    <![CDATA[TC passed]]>
  </system-out>
</testsuite> <!-- assertionStudy.Demo -->
