<?xml version="1.0" encoding="UTF-8"?>
<!-- Generated by org.testng.reporters.JUnitReportReporter -->
<testsuite hostname="DESKTOP-0POJ1DN" failures="0" tests="1" name="runner.HealthInsurenceRunner" time="30.441" errors="0" timestamp="2025-11-08T12:03:26 IST" skipped="0">
  <testcase classname="runner.HealthInsurenceRunner" name="runScenario" time="30.441">
    <system-out>
      <![CDATA[Setting browser as chrome
Actual result is 48
Closing Browser]]>
    </system-out>
  </testcase> <!-- runScenario -->
  <system-out>
    <![CDATA[Setting browser as chrome
Actual result is 48
Closing Browser]]>
  </system-out>
</testsuite> <!-- runner.HealthInsurenceRunner -->
